<?xml version="1.0" encoding="UTF-8"?>
<!-- Generated by org.testng.reporters.JUnitReportReporter -->
<testsuite hostname="home-PC" failures="0" tests="1" name="dDT_practice.ReadtheDataFromJSONFileTest" time="0.020" errors="0" timestamp="2021-11-10T10:49:17 IST" skipped="0">
  <testcase classname="dDT_practice.ReadtheDataFromJSONFileTest" name="readDataFromJSONFileTest" time="0.020"/>
  <system-out/>
</testsuite> <!-- dDT_practice.ReadtheDataFromJSONFileTest -->
