<?xml version="1.0" encoding="UTF-8"?>
<!-- Generated by org.testng.reporters.JUnitReportReporter -->
<testsuite hostname="home-PC" failures="0" tests="1" name="jDBC_Practice.ExecuteScript" time="0.404" errors="0" timestamp="27 Oct 2021 11:30:07 GMT" skipped="0">
  <testcase classname="jDBC_Practice.ExecuteScript" name="executeScript" time="0.404"/>
</testsuite> <!-- jDBC_Practice.ExecuteScript -->
