<?xml version="1.0" encoding="UTF-8"?>
<!-- Generated by org.testng.reporters.JUnitReportReporter -->
<testsuite hostname="home-PC" failures="0" tests="2" name="TestNG.Practice.SampleTest" time="0.009" errors="0" timestamp="01 Nov 2021 06:42:18 GMT" skipped="0">
  <testcase classname="TestNG.Practice.SampleTest" name="modifyingOrganizaton" time="0.002"/>
  <testcase classname="TestNG.Practice.SampleTest" name="createOrganization" time="0.007"/>
</testsuite> <!-- TestNG.Practice.SampleTest -->
