<?xml version="1.0" encoding="UTF-8"?>
<!-- Generated by org.testng.reporters.JUnitReportReporter -->
<testsuite hostname="home-PC" failures="0" tests="1" name="com.VtigerProducts.TestCases.Products_TC_11" time="39.823" errors="0" timestamp="31 Oct 2021 19:41:05 GMT" skipped="0">
  <testcase classname="com.VtigerProducts.TestCases.Products_TC_11" name="verifyloginpageTest" time="39.823"/>
</testsuite> <!-- com.VtigerProducts.TestCases.Products_TC_11 -->
