<?xml version="1.0" encoding="UTF-8"?>
<!-- Generated by org.testng.reporters.JUnitReportReporter -->
<testsuite hostname="home-PC" failures="0" tests="1" name="com.amazon.mobileprice.SirICCprogram" time="12.313" errors="0" timestamp="2021-11-11T11:11:17 IST" skipped="0">
  <testcase classname="com.amazon.mobileprice.SirICCprogram" name="sirICCprogram" time="12.313"/>
  <system-out/>
</testsuite> <!-- com.amazon.mobileprice.SirICCprogram -->
