<?xml version="1.0" encoding="UTF-8"?>
<!-- Generated by org.testng.reporters.JUnitReportReporter -->
<testsuite hostname="home-PC" failures="0" tests="1" name="dDT_practice.CreateUserTest" time="0.013" errors="0" timestamp="2021-11-09T12:12:37 IST" skipped="0">
  <testcase classname="dDT_practice.CreateUserTest" name="createUserTest" time="0.013"/>
  <system-out/>
</testsuite> <!-- dDT_practice.CreateUserTest -->
