<?xml version="1.0" encoding="UTF-8"?>
<!-- Generated by org.testng.reporters.JUnitReportReporter -->
<testsuite hostname="home-PC" failures="0" tests="1" name="com.vtiger.testcases.TestLoginTest" time="29.968" errors="0" timestamp="29 Oct 2021 10:15:53 GMT" skipped="0">
  <testcase classname="com.vtiger.testcases.TestLoginTest" name="testLoginTest" time="29.968"/>
</testsuite> <!-- com.vtiger.testcases.TestLoginTest -->
