<?xml version="1.0" encoding="UTF-8"?>
<!-- Generated by org.testng.reporters.JUnitReportReporter -->
<testsuite hostname="home-PC" failures="0" tests="1" name="com.vtiger.genricUtil.BaseClass" time="13.510" errors="0" timestamp="2021-11-01T12:28:53 IST" skipped="0">
  <testcase classname="com.vtiger.genricUtil.BaseClass" name="modifyingOrganizaton" time="13.510"/>
  <system-out/>
</testsuite> <!-- com.vtiger.genricUtil.BaseClass -->
