<?xml version="1.0" encoding="UTF-8"?>
<!-- Generated by org.testng.reporters.JUnitReportReporter -->
<testsuite hostname="home-PC" failures="0" tests="7" name="com.VtigerProducts.TestCases.preorityPractice" time="0.289" errors="0" timestamp="2021-11-01T17:01:33 IST" skipped="1">
  <testcase classname="com.VtigerProducts.TestCases.preorityPractice" name="meth" time="0.022"/>
  <system-out/>
  <testcase classname="com.VtigerProducts.TestCases.preorityPractice" name="meth" time="0.104"/>
  <system-out/>
  <testcase classname="com.VtigerProducts.TestCases.preorityPractice" name="meth" time="0.021"/>
  <system-out/>
  <testcase classname="com.VtigerProducts.TestCases.preorityPractice" name="secondmethod" time="0.051"/>
  <system-out/>
  <testcase classname="com.VtigerProducts.TestCases.preorityPractice" name="thirdmethod" time="0.048"/>
  <system-out/>
  <testcase classname="com.VtigerProducts.TestCases.preorityPractice" name="firstmethod" time="0.043"/>
  <system-out/>
  <testcase classname="com.VtigerProducts.TestCases.preorityPractice" name="meth2">
    <skipped/>
  </testcase> <!-- meth2 -->
  <system-out/>
</testsuite> <!-- com.VtigerProducts.TestCases.preorityPractice -->
