<?xml version="1.0" encoding="UTF-8"?>
<!-- Generated by org.testng.reporters.JUnitReportReporter -->
<testsuite hostname="home-PC" failures="0" tests="1" name="com.amazon.mobileprice.Calender" time="104.003" errors="0" timestamp="2021-11-11T13:19:52 IST" skipped="0">
  <testcase classname="com.amazon.mobileprice.Calender" name="calender" time="104.003"/>
  <system-out/>
</testsuite> <!-- com.amazon.mobileprice.Calender -->
