<?xml version="1.0" encoding="UTF-8"?>
<!-- Generated by org.testng.reporters.JUnitReportReporter -->
<testsuite hostname="home-PC" failures="0" tests="1" name="jDBC_Practice.VefiryTheTAbleDATA" time="0.362" errors="0" timestamp="28 Oct 2021 06:47:56 GMT" skipped="0">
  <testcase classname="jDBC_Practice.VefiryTheTAbleDATA" name="verifyTheTableDATA" time="0.362"/>
</testsuite> <!-- jDBC_Practice.VefiryTheTAbleDATA -->
