<?xml version="1.0" encoding="UTF-8"?>
<!-- Generated by org.testng.reporters.JUnitReportReporter -->
<testsuite hostname="home-PC" failures="0" tests="3" name="com.vtiger.genricUtil.DataProvider_anotation" time="0.012" errors="0" timestamp="2021-11-03T11:16:15 IST" skipped="0">
  <testcase classname="com.vtiger.genricUtil.DataProvider_anotation" name="getData" time="0.009"/>
  <system-out>
    <![CDATA[firstname------testNG
 the number------1]]>
  </system-out>
  <testcase classname="com.vtiger.genricUtil.DataProvider_anotation" name="getData" time="0.002"/>
  <system-out>
    <![CDATA[firstname------testNGg
 the number------12]]>
  </system-out>
  <testcase classname="com.vtiger.genricUtil.DataProvider_anotation" name="getData" time="0.001"/>
  <system-out>
    <![CDATA[firstname------testNGgg
 the number------123]]>
  </system-out>
</testsuite> <!-- com.vtiger.genricUtil.DataProvider_anotation -->
