<?xml version="1.0" encoding="UTF-8"?>
<!-- Generated by org.testng.reporters.JUnitReportReporter -->
<testsuite hostname="home-PC" failures="0" tests="1" name="com.amazon.mobileprice.vtigerTable" time="31.400" errors="0" timestamp="2021-11-11T10:17:30 IST" skipped="0">
  <testcase classname="com.amazon.mobileprice.vtigerTable" name="vtigerTable" time="31.400"/>
  <system-out>
    <![CDATA[loged in Successfully]]>
  </system-out>
</testsuite> <!-- com.amazon.mobileprice.vtigerTable -->
