<?xml version="1.0" encoding="UTF-8"?>
<!-- Generated by org.testng.reporters.JUnitReportReporter -->
<testsuite hostname="home-PC" failures="0" tests="1" name="com.vtiger.testcases.OrganizationAccCreation" time="26.197" errors="0" timestamp="29 Oct 2021 18:09:43 GMT" skipped="0">
  <testcase classname="com.vtiger.testcases.OrganizationAccCreation" name="loginTest" time="26.197"/>
</testsuite> <!-- com.vtiger.testcases.OrganizationAccCreation -->
