<?xml version="1.0" encoding="UTF-8"?>
<!-- Generated by org.testng.reporters.JUnitReportReporter -->
<testsuite hostname="home-PC" failures="0" tests="1" name="com.vtiger.testcases.CreatingOrganization" time="22.541" errors="0" timestamp="29 Oct 2021 06:38:43 GMT" skipped="0">
  <testcase classname="com.vtiger.testcases.CreatingOrganization" name="CreatingOrganization" time="22.541"/>
</testsuite> <!-- com.vtiger.testcases.CreatingOrganization -->
