<?xml version="1.0" encoding="UTF-8"?>
<!-- Generated by org.testng.reporters.JUnitReportReporter -->
<testsuite hostname="home-PC" failures="0" tests="1" name="com.VtigerProducts.TestCases.TC_14Test" time="40.237" errors="0" timestamp="2021-11-15T17:33:18 IST" skipped="0">
  <testcase classname="com.VtigerProducts.TestCases.TC_14Test" name="searchbyClickingOnCharacter" time="40.237"/>
  <system-out>
    <![CDATA[New Product nokia entered
Saved the product
Searched for the product with alphabet button-'N']]>
  </system-out>
</testsuite> <!-- com.VtigerProducts.TestCases.TC_14Test -->
