<?xml version="1.0" encoding="UTF-8"?>
<!-- Generated by org.testng.reporters.JUnitReportReporter -->
<testsuite hostname="home-PC" failures="0" tests="1" name="com.VtigerProducts.TestCases.TC_16" time="31.207" errors="0" timestamp="2021-11-02T14:58:26 IST" skipped="0">
  <testcase classname="com.VtigerProducts.TestCases.TC_16" name="selectMultipleProductsMassEdit" time="31.207"/>
  <system-out>
    <![CDATA[products------is dispayed]]>
  </system-out>
</testsuite> <!-- com.VtigerProducts.TestCases.TC_16 -->
