<?xml version="1.0" encoding="UTF-8"?>
<!-- Generated by org.testng.reporters.JUnitReportReporter -->
<testsuite hostname="home-PC" failures="0" tests="1" name="dDT_practice.ReadTheDataFromPropertyfileTest" time="0.011" errors="0" timestamp="2021-11-09T11:55:16 IST" skipped="0">
  <testcase classname="dDT_practice.ReadTheDataFromPropertyfileTest" name="readTheDataPropertyfiletest" time="0.011"/>
  <system-out/>
</testsuite> <!-- dDT_practice.ReadTheDataFromPropertyfileTest -->
