<?xml version="1.0" encoding="UTF-8"?>
<!-- Generated by org.testng.reporters.JUnitReportReporter -->
<testsuite hostname="home-PC" failures="0" tests="2" name="com.VtigerProducts.TestCases.AllTestCasesclass" time="57.697" errors="0" timestamp="2021-11-02T13:04:39 IST" skipped="0">
  <testcase classname="com.VtigerProducts.TestCases.AllTestCasesclass" name="searchbyClickingOnCHARCTER" time="31.291"/>
  <system-out>
    <![CDATA[Searched for the product with alphabet button-'N']]>
  </system-out>
  <testcase classname="com.VtigerProducts.TestCases.AllTestCasesclass" name="searchingbyEnteringSearchBOX" time="26.406"/>
  <system-out/>
</testsuite> <!-- com.VtigerProducts.TestCases.AllTestCasesclass -->
