<?xml version="1.0" encoding="UTF-8"?>
<!-- Generated by org.testng.reporters.JUnitReportReporter -->
<testsuite hostname="home-PC" failures="0" tests="1" name="com.VtigerProducts.TestCases.TC_11" time="41.088" errors="0" timestamp="2021-11-02T11:46:47 IST" skipped="0">
  <testcase classname="com.VtigerProducts.TestCases.TC_11" name="verifyloginpageTest_TC_11" time="41.088"/>
  <system-out/>
</testsuite> <!-- com.VtigerProducts.TestCases.TC_11 -->
