<?xml version="1.0" encoding="UTF-8"?>
<!-- Generated by org.testng.reporters.JUnitReportReporter -->
<testsuite hostname="home-PC" failures="0" tests="1" name="com.amazon.mobileprice.W3schoolsTable" time="6.828" errors="0" timestamp="2021-11-10T17:10:07 IST" skipped="0">
  <testcase classname="com.amazon.mobileprice.W3schoolsTable" name="w3schoolsTable" time="6.828"/>
  <system-out/>
</testsuite> <!-- com.amazon.mobileprice.W3schoolsTable -->
