<?xml version="1.0" encoding="UTF-8"?>
<!-- Generated by org.testng.reporters.JUnitReportReporter -->
<testsuite hostname="home-PC" failures="0" tests="1" name="com.amazon.mobileprice.GetthePriceOfmobile" time="48.883" errors="0" timestamp="2021-11-10T23:45:59 IST" skipped="0">
  <testcase classname="com.amazon.mobileprice.GetthePriceOfmobile" name="dddddddd" time="48.883"/>
  <system-out/>
</testsuite> <!-- com.amazon.mobileprice.GetthePriceOfmobile -->
