<?xml version="1.0" encoding="UTF-8"?>
<!-- Generated by org.testng.reporters.JUnitReportReporter -->
<testsuite hostname="home-PC" failures="0" tests="1" name="com.VtigerProducts.TestCases.TC_16Test" time="29.419" errors="0" timestamp="2021-11-15T15:35:53 IST" skipped="0">
  <testcase classname="com.VtigerProducts.TestCases.TC_16Test" name="selectMultipleProductsMassEdit" time="29.419"/>
  <system-out>
    <![CDATA[products------is dispayed]]>
  </system-out>
</testsuite> <!-- com.VtigerProducts.TestCases.TC_16Test -->
