<?xml version="1.0" encoding="UTF-8"?>
<!-- Generated by org.testng.reporters.JUnitReportReporter -->
<testsuite hostname="home-PC" failures="0" tests="1" name="com.amazon.mobileprice.Olympics" time="259.108" errors="0" timestamp="2021-11-11T13:53:51 IST" skipped="0">
  <testcase classname="com.amazon.mobileprice.Olympics" name="olympics" time="259.108"/>
  <system-out/>
</testsuite> <!-- com.amazon.mobileprice.Olympics -->
