<?xml version="1.0" encoding="UTF-8"?>
<!-- Generated by org.testng.reporters.JUnitReportReporter -->
<testsuite hostname="home-PC" failures="0" tests="1" name="dDT_practice.ReadParametersFromXMLFileTest" time="0.018" errors="0" timestamp="26 Oct 2021 11:31:20 GMT" skipped="0">
  <testcase classname="dDT_practice.ReadParametersFromXMLFileTest" name="readParametersFromXMLFileTest" time="0.018"/>
</testsuite> <!-- dDT_practice.ReadParametersFromXMLFileTest -->
