<?xml version="1.0" encoding="UTF-8"?>
<!-- Generated by org.testng.reporters.JUnitReportReporter -->
<testsuite hostname="home-PC" failures="0" tests="4" name="com.amazon.mobileprice.MakeMyTrip" time="132.582" errors="0" timestamp="2021-11-10T15:56:12 IST" skipped="0">
  <testcase classname="com.amazon.mobileprice.MakeMyTrip" name="makeMyTrip" time="15.740"/>
  <system-out/>
  <testcase classname="com.amazon.mobileprice.MakeMyTrip" name="makeMyTrip" time="31.080"/>
  <system-out/>
  <testcase classname="com.amazon.mobileprice.MakeMyTrip" name="makeMyTrip" time="24.889"/>
  <system-out/>
  <testcase classname="com.amazon.mobileprice.MakeMyTrip" name="makeMyTrip" time="60.873"/>
  <system-out/>
</testsuite> <!-- com.amazon.mobileprice.MakeMyTrip -->
