<?xml version="1.0" encoding="UTF-8"?>
<!-- Generated by org.testng.reporters.JUnitReportReporter -->
<testsuite hostname="home-PC" failures="0" tests="1" name="com.amazon.mobileprice.lnsekartDropdown" time="28.920" errors="0" timestamp="2021-11-11T16:32:39 IST" skipped="0">
  <testcase classname="com.amazon.mobileprice.lnsekartDropdown" name="lnsekartDropdown" time="28.920"/>
  <system-out/>
</testsuite> <!-- com.amazon.mobileprice.lnsekartDropdown -->
