<?xml version="1.0" encoding="UTF-8"?>
<!-- Generated by org.testng.reporters.JUnitReportReporter -->
<testsuite hostname="home-PC" failures="0" tests="1" name="com.amazon.mobileprice.IccGetTeamName" time="0.017" errors="0" timestamp="2021-11-11T10:41:14 IST" skipped="0">
  <testcase classname="com.amazon.mobileprice.IccGetTeamName" name="iccGetTeamName" time="0.017"/>
  <system-out/>
</testsuite> <!-- com.amazon.mobileprice.IccGetTeamName -->
