<?xml version="1.0" encoding="UTF-8"?>
<!-- Generated by org.testng.reporters.JUnitReportReporter -->
<testsuite hostname="home-PC" failures="0" tests="1" name="com.VtigerProducts.TestCases.TC_13" time="41.272" errors="0" timestamp="2021-11-02T11:46:47 IST" skipped="0">
  <testcase classname="com.VtigerProducts.TestCases.TC_13" name="addingNewProductwithDiffterntUnitPrice" time="41.272"/>
  <system-out>
    <![CDATA[New Product entered
Unit Price is  entered
Saved the product
Searched for the product]]>
  </system-out>
</testsuite> <!-- com.VtigerProducts.TestCases.TC_13 -->
